[20:01:39] [Server thread/INFO]: Starting minecraft server version 1.9
[20:01:39] [Server thread/INFO]: Loading properties
[20:01:39] [Server thread/INFO]: Default game type: SURVIVAL
[20:01:39] [Server thread/INFO]: Generating keypair
[20:01:40] [Server thread/INFO]: Starting Minecraft server on *:25565
[20:01:40] [Server thread/INFO]: Using epoll channel type
[20:01:40] [Server thread/INFO]: Preparing level "world"
[20:01:40] [Server thread/INFO]: Preparing start region for level 0
[20:01:41] [Server thread/INFO]: Preparing spawn area: 78%
[20:01:41] [Server thread/INFO]: Done (1.352s)! For help, type "help" or "?"
[20:02:48] [User Authenticator #1/INFO]: UUID of player EMERALD_COAST is 101ceeab-a137-4432-939a-1fcda3422b05
[20:02:48] [Server thread/INFO]: EMERALD_COAST[/213.122.119.226:27372] logged in with entity id 246 at (208.02597289755494, 56.0, 250.66319436016073)
[20:02:48] [Server thread/INFO]: EMERALD_COAST joined the game
[20:03:56] [User Authenticator #2/INFO]: UUID of player ben_hawkins is e1523e99-0303-435d-bc2b-3a617e52df62
[20:03:56] [Server thread/INFO]: ben_hawkins[/86.149.93.13:56658] logged in with entity id 1001 at (207.3034209979361, 68.0, 251.50692040377274)
[20:03:56] [Server thread/INFO]: ben_hawkins joined the game
[20:04:27] [Server thread/INFO]: [EMERALD_COAST: Set own game mode to Survival Mode]
[20:04:49] [Server thread/INFO]: [ben_hawkins: Set own game mode to Survival Mode]
[20:12:08] [Server thread/INFO]: ben_hawkins has just earned the achievement [Time to Strike!]
[20:12:26] [Server thread/INFO]: [EMERALD_COAST: Teleported EMERALD_COAST to ben_hawkins]
[20:20:29] [Server thread/INFO]: ben_hawkins has just earned the achievement [Monster Hunter]
[20:22:13] [Server thread/INFO]: [EMERALD_COAST: Set own game mode to Creative Mode]
[20:22:30] [Server thread/INFO]: [EMERALD_COAST: Set own game mode to Survival Mode]
[20:29:14] [Server thread/INFO]: ben_hawkins has just earned the achievement [Hot Topic]
[20:47:28] [User Authenticator #3/INFO]: UUID of player ned2001 is f04bd9e1-9d40-44fa-b073-a2df988bfdcf
[20:47:28] [Server thread/INFO]: ned2001[/109.146.177.144:56779] logged in with entity id 33397 at (205.286915319996, 60.0, 256.74010466393895)
[20:47:28] [Server thread/INFO]: ned2001 joined the game
[20:50:25] [Server thread/INFO]: ben_hawkins has just earned the achievement [Time to Farm!]
[20:58:11] [Server thread/INFO]: [ned2001: Set own game mode to Creative Mode]
[20:59:24] [Server thread/INFO]: [ned2001: Set own game mode to Survival Mode]
[21:00:27] [Server thread/INFO]: [ned2001: Teleported ned2001 to EMERALD_COAST]
[21:10:55] [Server thread/INFO]: [ben_hawkins: Teleported ben_hawkins to ned2001]
[21:13:46] [Server thread/INFO]: [ben_hawkins: Set own game mode to Survival Mode]
[21:13:57] [Server thread/INFO]: [ben_hawkins: Set own game mode to Creative Mode]
[21:14:26] [Server thread/INFO]: [EMERALD_COAST: Teleported ned2001 to EMERALD_COAST]
[21:14:34] [Server thread/INFO]: [ben_hawkins: Teleported ben_hawkins to ned2001]
[21:14:44] [Server thread/INFO]: <EMERALD_COAST> bed bed bed bed bed bed bedb e
[21:14:49] [Server thread/INFO]: <EMERALD_COAST> bed bed bed bed bed bed
[21:14:50] [Server thread/INFO]: [EMERALD_COAST: Teleported ned2001 to EMERALD_COAST]
[21:14:51] [Server thread/INFO]: [EMERALD_COAST: Set own game mode to Survival Mode]
[21:14:52] [Server thread/INFO]: [EMERALD_COAST: Set own game mode to Creative Mode]
[21:14:52] [Server thread/INFO]: [EMERALD_COAST: Teleported EMERALD_COAST to ben_hawkins]
[21:14:58] [Server thread/INFO]: [EMERALD_COAST: Set own game mode to Survival Mode]
[21:15:02] [Server thread/INFO]: [ben_hawkins: Set own game mode to Survival Mode]
[21:16:55] [Server thread/INFO]: [EMERALD_COAST: Set own game mode to Creative Mode]
[21:30:25] [Server thread/INFO]: [ned2001: Teleported ned2001 to EMERALD_COAST]
[21:30:55] [Server thread/INFO]: [EMERALD_COAST: Teleported ben_hawkins to EMERALD_COAST]
[21:33:16] [Server thread/INFO]: ned2001 was slain by Spider
[21:33:22] [Server thread/INFO]: [ned2001: Teleported ned2001 to ben_hawkins]
[21:33:23] [Server thread/INFO]: [EMERALD_COAST: Teleported ben_hawkins to EMERALD_COAST]
[21:34:03] [Server thread/INFO]: [ned2001: Set own game mode to Creative Mode]
[21:34:28] [Server thread/INFO]: ben_hawkins fell from a high place
[21:34:45] [Server thread/INFO]: [EMERALD_COAST: Teleported ben_hawkins to EMERALD_COAST]
[21:35:21] [Server thread/INFO]: [EMERALD_COAST: Teleported ben_hawkins to EMERALD_COAST]
[21:36:55] [Server thread/INFO]: [EMERALD_COAST: Teleported ben_hawkins to EMERALD_COAST]
[21:36:56] [Server thread/INFO]: [ben_hawkins: Set own game mode to Creative Mode]
[21:38:05] [Server thread/INFO]: [EMERALD_COAST: Teleported EMERALD_COAST to ben_hawkins]
[21:39:08] [Server thread/INFO]: [ben_hawkins: Set own game mode to Creative Mode]
[21:39:18] [Server thread/INFO]: [ben_hawkins: Teleported ben_hawkins to EMERALD_COAST]
[21:48:31] [Server thread/INFO]: [ben_hawkins: Teleported ben_hawkins to EMERALD_COAST]
[21:48:47] [Server thread/INFO]: [ned2001: Teleported ned2001 to ben_hawkins]
[21:49:36] [Server thread/WARN]: ben_hawkins moved too quickly! 6.930974113279603,-2.863755299308295,-16.079007594973177
[21:50:33] [Server thread/INFO]: ben_hawkins lost connection: TextComponent{text='Disconnected', siblings=[], style=Style{hasParent=false, color=null, bold=null, italic=null, underlined=null, obfuscated=null, clickEvent=null, hoverEvent=null, insertion=null}}
[21:50:33] [Server thread/INFO]: ben_hawkins left the game
[21:50:39] [Server thread/INFO]: ned2001 lost connection: TextComponent{text='Disconnected', siblings=[], style=Style{hasParent=false, color=null, bold=null, italic=null, underlined=null, obfuscated=null, clickEvent=null, hoverEvent=null, insertion=null}}
[21:50:39] [Server thread/INFO]: ned2001 left the game
[21:50:41] [Server thread/INFO]: EMERALD_COAST lost connection: TextComponent{text='Disconnected', siblings=[], style=Style{hasParent=false, color=null, bold=null, italic=null, underlined=null, obfuscated=null, clickEvent=null, hoverEvent=null, insertion=null}}
[21:50:41] [Server thread/INFO]: EMERALD_COAST left the game
[21:51:34] [Server Shutdown Thread/INFO]: Stopping server
[21:51:34] [Server Shutdown Thread/INFO]: Saving players
