[15:31:05] [Server thread/INFO]: Starting minecraft server version 1.9.2
[15:31:05] [Server thread/INFO]: Loading properties
[15:31:05] [Server thread/INFO]: Default game type: SURVIVAL
[15:31:05] [Server thread/INFO]: Generating keypair
[15:31:05] [Server thread/INFO]: Starting Minecraft server on *:25565
[15:31:05] [Server thread/INFO]: Using epoll channel type
[15:31:06] [Server thread/INFO]: Preparing level "world"
[15:31:06] [Server thread/INFO]: Preparing start region for level 0
[15:31:07] [Server thread/INFO]: Preparing spawn area: 8%
[15:31:08] [Server thread/INFO]: Preparing spawn area: 19%
[15:31:09] [Server thread/INFO]: Preparing spawn area: 32%
[15:31:10] [Server thread/INFO]: Preparing spawn area: 45%
[15:31:11] [Server thread/INFO]: Preparing spawn area: 61%
[15:31:12] [Server thread/INFO]: Preparing spawn area: 75%
[15:31:13] [Server thread/INFO]: Preparing spawn area: 90%
[15:31:14] [Server thread/INFO]: Done (8.340s)! For help, type "help" or "?"
[15:31:35] [User Authenticator #1/INFO]: UUID of player EMERALD_COAST is 101ceeab-a137-4432-939a-1fcda3422b05
[15:31:35] [Server thread/INFO]: EMERALD_COAST[/213.122.115.175:17573] logged in with entity id 2005 at (98.5, 62.0, 242.5)
[15:31:35] [Server thread/INFO]: EMERALD_COAST joined the game
[15:32:36] [Server thread/INFO]: EMERALD_COAST has just earned the achievement [Taking Inventory]
[15:33:45] [User Authenticator #2/INFO]: UUID of player ned2001 is f04bd9e1-9d40-44fa-b073-a2df988bfdcf
[15:33:45] [Server thread/INFO]: ned2001[/109.155.128.196:51350] logged in with entity id 5965 at (94.5, 64.0, 257.5)
[15:33:45] [Server thread/INFO]: ned2001 joined the game
[15:34:40] [Server thread/INFO]: [ned2001: Set game difficulty to Peaceful]
[15:42:35] [Server thread/INFO]: ned2001 has just earned the achievement [Taking Inventory]
[15:42:39] [Server thread/INFO]: ned2001 has just earned the achievement [Getting Wood]
[15:43:22] [Server thread/INFO]: [EMERALD_COAST: Teleported EMERALD_COAST to ned2001]
[15:46:13] [Server thread/INFO]: ned2001 lost connection: TextComponent{text='Disconnected', siblings=[], style=Style{hasParent=false, color=null, bold=null, italic=null, underlined=null, obfuscated=null, clickEvent=null, hoverEvent=null, insertion=null}}
[15:46:13] [Server thread/INFO]: ned2001 left the game
[15:46:48] [Server thread/INFO]: EMERALD_COAST has just earned the achievement [Getting Wood]
[15:49:22] [Server thread/INFO]: [EMERALD_COAST: Set own game mode to Creative Mode]
[16:38:09] [User Authenticator #3/INFO]: UUID of player ned2001 is f04bd9e1-9d40-44fa-b073-a2df988bfdcf
[16:38:09] [Server thread/INFO]: ned2001[/109.155.128.196:51508] logged in with entity id 1386337 at (692.6069506908133, 77.0, 823.4437278778821)
[16:38:09] [Server thread/INFO]: ned2001 joined the game
[16:38:30] [Server thread/INFO]: [ned2001: Teleported ned2001 to EMERALD_COAST]
[16:39:46] [Server thread/INFO]: [ned2001: Set own game mode to Creative Mode]
[18:23:58] [Server thread/INFO]: [EMERALD_COAST: Teleported EMERALD_COAST to ned2001]
[18:34:49] [Server thread/INFO]: ned2001 lost connection: TextComponent{text='Disconnected', siblings=[], style=Style{hasParent=false, color=null, bold=null, italic=null, underlined=null, obfuscated=null, clickEvent=null, hoverEvent=null, insertion=null}}
[18:34:49] [Server thread/INFO]: ned2001 left the game
[18:34:49] [Server thread/INFO]: EMERALD_COAST lost connection: TextComponent{text='Disconnected', siblings=[], style=Style{hasParent=false, color=null, bold=null, italic=null, underlined=null, obfuscated=null, clickEvent=null, hoverEvent=null, insertion=null}}
[18:34:49] [Server thread/INFO]: EMERALD_COAST left the game
[18:35:02] [Server Shutdown Thread/INFO]: Stopping server
